#
# A fatal error has been detected by the Java Runtime Environment:
#
#  EXCEPTION_ACCESS_VIOLATION (0xc0000005) at pc=0x000000005ada8225, pid=16964, tid=12576
#
# JRE version: Java(TM) SE Runtime Environment (8.0_40-b26) (build 1.8.0_40-b26)
# Java VM: Java HotSpot(TM) 64-Bit Server VM (25.40-b25 mixed mode windows-amd64 compressed oops)
# Problematic frame:
# V  [jvm.dll+0x128225]
#
# Failed to write core dump. Minidumps are not enabled by default on client versions of Windows
#
# If you would like to submit a bug report, please visit:
#   http://bugreport.java.com/bugreport/crash.jsp
#

---------------  T H R E A D  ---------------

Current thread (0x000000005774f800):  JavaThread "JDWP Transport Listener: dt_socket" daemon [_thread_in_vm, id=12576, stack(0x00000000594e0000,0x00000000595e0000)]

siginfo: ExceptionCode=0xc0000005, reading address 0xffffffffffffffff

Registers:
RAX=0x00000000595df401, RBX=0x000000005774f800, RCX=0x6665522f7463656c, RDX=0x0000000000000000
RSP=0x00000000595df430, RBP=0x6665522f7463656c, RSI=0x00000000595df548, RDI=0x000000000225c8a0
R8 =0x000000005774f800, R9 =0x000000000000ff00, R10=0x0000000000000000, R11=0x000001ba00060009
R12=0x0000000000000000, R13=0x0000000057749a98, R14=0x0000000000000000, R15=0x0000000000000000
RIP=0x000000005ada8225, EFLAGS=0x0000000000010206

Top of Stack: (sp=0x00000000595df430)
0x00000000595df430:   000000005774f800 000000005774f800
0x00000000595df440:   00000000595df4f8 000000005afac6db
0x00000000595df450:   000000005774f800 000000005afc8f3d
0x00000000595df460:   0000000000000000 0000000074a59155
0x00000000595df470:   0000000061ef1d30 0000000074a6291e
0x00000000595df480:   000000005774f800 0000000000000000
0x00000000595df490:   0000000000000000 0000000000000000
0x00000000595df4a0:   6665522f7463656c 0000000074a61a15
0x00000000595df4b0:   00000000595df548 00000000595df520
0x00000000595df4c0:   0000000000000001 0000000061ef1d30
0x00000000595df4d0:   6665522f7463656c 0000000074a453b3
0x00000000595df4e0:   00000000595df610 0000000000000001
0x00000000595df4f0:   0000000000000001 0000000061ef1d30
0x00000000595df500:   0000000000000001 0000000000000000
0x00000000595df510:   0000000000000000 0000000000000000
0x00000000595df520:   0000000000000001 0000000074a45571 

Instructions: (pc=0x000000005ada8225)
0x000000005ada8205:   cc cc cc cc cc cc cc cc cc cc cc 48 83 ec 28 48
0x000000005ada8215:   85 c9 75 07 33 c0 48 83 c4 28 c3 48 89 5c 24 20
0x000000005ada8225:   48 8b 19 48 85 db 74 20 48 83 fb 37 74 1a 48 8b
0x000000005ada8235:   13 48 8b cb ff 52 10 84 c0 74 0d 48 8b c3 48 8b 


Register to memory mapping:

RAX=0x00000000595df401 is pointing into the stack for thread: 0x000000005774f800
RBX=0x000000005774f800 is a thread
RCX=0x6665522f7463656c is an unknown value
RDX=0x0000000000000000 is an unknown value
RSP=0x00000000595df430 is pointing into the stack for thread: 0x000000005774f800
RBP=0x6665522f7463656c is an unknown value
RSI=0x00000000595df548 is pointing into the stack for thread: 0x000000005774f800
RDI=0x000000000225c8a0 is an unknown value
R8 =0x000000005774f800 is a thread
R9 =0x000000000000ff00 is an unknown value
R10=0x0000000000000000 is an unknown value
R11=0x000001ba00060009 is an unknown value
R12=0x0000000000000000 is an unknown value
R13=0x0000000057749a98 is an unknown value
R14=0x0000000000000000 is an unknown value
R15=0x0000000000000000 is an unknown value


Stack: [0x00000000594e0000,0x00000000595e0000],  sp=0x00000000595df430,  free space=1021k
Native frames: (J=compiled Java code, j=interpreted, Vv=VM code, C=native code)
V  [jvm.dll+0x128225]
V  [jvm.dll+0x348f3d]
C  [jdwp.dll+0x21a15]
C  [jdwp.dll+0x53b3]
C  [jdwp.dll+0x5571]
C  [jdwp.dll+0xf0a8]
C  [jdwp.dll+0x1f2d5]
C  [jdwp.dll+0x1f4aa]
V  [jvm.dll+0x1bad48]
V  [jvm.dll+0x241914]
V  [jvm.dll+0x29848a]
C  [msvcr100.dll+0x21d9f]
C  [msvcr100.dll+0x21e3b]
C  [kernel32.dll+0x159cd]
C  [ntdll.dll+0x5383d]


---------------  P R O C E S S  ---------------

Java Threads: ( => current thread )
  0x000000005b7c7000 JavaThread "ReaderThread" [_thread_in_native, id=9484, stack(0x000000005a8e0000,0x000000005a9e0000)]
  0x0000000059a59800 JavaThread "Service Thread" daemon [_thread_blocked, id=8132, stack(0x000000005a5a0000,0x000000005a6a0000)]
  0x0000000058d55000 JavaThread "C1 CompilerThread2" daemon [_thread_blocked, id=6628, stack(0x000000005a470000,0x000000005a570000)]
  0x0000000058d54000 JavaThread "C2 CompilerThread1" daemon [_thread_blocked, id=15564, stack(0x000000005a260000,0x000000005a360000)]
  0x0000000058d59800 JavaThread "C2 CompilerThread0" daemon [_thread_blocked, id=16148, stack(0x0000000059100000,0x0000000059200000)]
  0x00000000589a5800 JavaThread "JDWP Command Reader" daemon [_thread_in_native, id=16424, stack(0x0000000059940000,0x0000000059a40000)]
  0x00000000589a1000 JavaThread "JDWP Event Helper Thread" daemon [_thread_blocked, id=16348, stack(0x00000000596b0000,0x00000000597b0000)]
=>0x000000005774f800 JavaThread "JDWP Transport Listener: dt_socket" daemon [_thread_in_vm, id=12576, stack(0x00000000594e0000,0x00000000595e0000)]
  0x0000000058997000 JavaThread "Attach Listener" daemon [_thread_blocked, id=17404, stack(0x0000000058db0000,0x0000000058eb0000)]
  0x0000000058994800 JavaThread "Signal Dispatcher" daemon [_thread_blocked, id=14876, stack(0x0000000058eb0000,0x0000000058fb0000)]
  0x00000000576e6800 JavaThread "Finalizer" daemon [_thread_blocked, id=8264, stack(0x0000000058890000,0x0000000058990000)]
  0x00000000576e5800 JavaThread "Reference Handler" daemon [_thread_blocked, id=9868, stack(0x0000000058780000,0x0000000058880000)]
  0x000000000214b800 JavaThread "main" [_thread_blocked, id=17028, stack(0x00000000025b0000,0x00000000026b0000)]

Other Threads:
  0x00000000576de000 VMThread [stack: 0x0000000058630000,0x0000000058730000] [id=2176]
  0x0000000059a7b000 WatcherThread [stack: 0x000000005a790000,0x000000005a890000] [id=13336]

VM state:not at safepoint (normal execution)

VM Mutex/Monitor currently owned by a thread: None

Heap:
 PSYoungGen      total 138752K, used 128741K [0x00000000d5c00000, 0x00000000e3a00000, 0x0000000100000000)
  eden space 131072K, 92% used [0x00000000d5c00000,0x00000000dd23c830,0x00000000ddc00000)
  from space 7680K, 99% used [0x00000000ddc00000,0x00000000de37cf28,0x00000000de380000)
  to   space 9216K, 0% used [0x00000000e3100000,0x00000000e3100000,0x00000000e3a00000)
 ParOldGen       total 51712K, used 8422K [0x0000000081400000, 0x0000000084680000, 0x00000000d5c00000)
  object space 51712K, 16% used [0x0000000081400000,0x0000000081c39970,0x0000000084680000)
 Metaspace       used 32547K, capacity 35228K, committed 35328K, reserved 1079296K
  class space    used 4346K, capacity 4804K, committed 4864K, reserved 1048576K

Card table byte_map: [0x0000000011f10000,0x0000000012310000] byte_map_base: 0x0000000011b06000

Marking Bits: (ParMarkBitMap*) 0x000000005b484040
 Begin Bits: [0x00000000129f0000, 0x00000000149a0000)
 End Bits:   [0x00000000149a0000, 0x0000000016950000)

Polling page: 0x0000000000120000

CodeCache: size=245760Kb used=13721Kb max_used=13875Kb free=232038Kb
 bounds [0x0000000002b50000, 0x00000000038f0000, 0x0000000011b50000]
 total_blobs=3756 nmethods=3372 adapters=303
 compilation: enabled

Compilation events (10 events):
Event: 6.675 Thread 0x0000000058d59800 nmethod 3401 0x0000000002c77250 code [0x0000000002c77420, 0x0000000002c786d0]
Event: 6.675 Thread 0x0000000058d59800 3404       4       java.lang.Character::toUpperCase (6 bytes)
Event: 6.676 Thread 0x0000000058d59800 nmethod 3404 0x0000000002c76e90 code [0x0000000002c76fe0, 0x0000000002c770f8]
Event: 6.676 Thread 0x0000000058d59800 3402       4       sun.net.www.protocol.file.Handler::parseURL (18 bytes)
Event: 6.686 Thread 0x0000000058d59800 nmethod 3402 0x0000000002c65490 code [0x0000000002c65600, 0x0000000002c65ba8]
Event: 6.686 Thread 0x0000000058d59800 3408       4       sun.misc.URLClassPath$JarLoader::findResource (18 bytes)
Event: 6.687 Thread 0x0000000058d59800 nmethod 3408 0x0000000002c65190 code [0x0000000002c652e0, 0x0000000002c65388]
Event: 6.824 Thread 0x0000000058d54000 nmethod 3389 0x00000000038c7390 code [0x00000000038c8040, 0x00000000038d5f48]
Event: 17.615 Thread 0x0000000058d55000 3412       3       java.util.HashMap::entrySet (27 bytes)
Event: 17.616 Thread 0x0000000058d55000 nmethod 3412 0x0000000002c91dd0 code [0x0000000002c91f60, 0x0000000002c922f0]

GC Heap History (10 events):
Event: 2.557 GC heap before
{Heap before GC invocations=4 (full 0):
 PSYoungGen      total 38400K, used 38107K [0x00000000d5c00000, 0x00000000da700000, 0x0000000100000000)
  eden space 33280K, 100% used [0x00000000d5c00000,0x00000000d7c80000,0x00000000d7c80000)
  from space 5120K, 94% used [0x00000000d7c80000,0x00000000d8136cb0,0x00000000d8180000)
  to   space 5120K, 0% used [0x00000000da200000,0x00000000da200000,0x00000000da700000)
 ParOldGen       total 87552K, used 32K [0x0000000081400000, 0x0000000086980000, 0x00000000d5c00000)
  object space 87552K, 0% used [0x0000000081400000,0x0000000081408000,0x0000000086980000)
 Metaspace       used 16780K, capacity 18060K, committed 18304K, reserved 1064960K
  class space    used 2119K, capacity 2376K, committed 2432K, reserved 1048576K
Event: 2.599 GC heap after
Heap after GC invocations=4 (full 0):
 PSYoungGen      total 71680K, used 5116K [0x00000000d5c00000, 0x00000000da700000, 0x0000000100000000)
  eden space 66560K, 0% used [0x00000000d5c00000,0x00000000d5c00000,0x00000000d9d00000)
  from space 5120K, 99% used [0x00000000da200000,0x00000000da6ff358,0x00000000da700000)
  to   space 5120K, 0% used [0x00000000d9d00000,0x00000000d9d00000,0x00000000da200000)
 ParOldGen       total 87552K, used 876K [0x0000000081400000, 0x0000000086980000, 0x00000000d5c00000)
  object space 87552K, 1% used [0x0000000081400000,0x00000000814db040,0x0000000086980000)
 Metaspace       used 16780K, capacity 18060K, committed 18304K, reserved 1064960K
  class space    used 2119K, capacity 2376K, committed 2432K, reserved 1048576K
}
Event: 3.041 GC heap before
{Heap before GC invocations=5 (full 0):
 PSYoungGen      total 71680K, used 50255K [0x00000000d5c00000, 0x00000000da700000, 0x0000000100000000)
  eden space 66560K, 67% used [0x00000000d5c00000,0x00000000d8814a10,0x00000000d9d00000)
  from space 5120K, 99% used [0x00000000da200000,0x00000000da6ff358,0x00000000da700000)
  to   space 5120K, 0% used [0x00000000d9d00000,0x00000000d9d00000,0x00000000da200000)
 ParOldGen       total 87552K, used 876K [0x0000000081400000, 0x0000000086980000, 0x00000000d5c00000)
  object space 87552K, 1% used [0x0000000081400000,0x00000000814db040,0x0000000086980000)
 Metaspace       used 19734K, capacity 21158K, committed 21248K, reserved 1067008K
  class space    used 2492K, capacity 2765K, committed 2816K, reserved 1048576K
Event: 3.053 GC heap after
Heap after GC invocations=5 (full 0):
 PSYoungGen      total 71680K, used 5110K [0x00000000d5c00000, 0x00000000dee00000, 0x0000000100000000)
  eden space 66560K, 0% used [0x00000000d5c00000,0x00000000d5c00000,0x00000000d9d00000)
  from space 5120K, 99% used [0x00000000d9d00000,0x00000000da1fdac0,0x00000000da200000)
  to   space 8192K, 0% used [0x00000000de600000,0x00000000de600000,0x00000000dee00000)
 ParOldGen       total 87552K, used 3048K [0x0000000081400000, 0x0000000086980000, 0x00000000d5c00000)
  object space 87552K, 3% used [0x0000000081400000,0x00000000816fa1f8,0x0000000086980000)
 Metaspace       used 19734K, capacity 21158K, committed 21248K, reserved 1067008K
  class space    used 2492K, capacity 2765K, committed 2816K, reserved 1048576K
}
Event: 3.053 GC heap before
{Heap before GC invocations=6 (full 1):
 PSYoungGen      total 71680K, used 5110K [0x00000000d5c00000, 0x00000000dee00000, 0x0000000100000000)
  eden space 66560K, 0% used [0x00000000d5c00000,0x00000000d5c00000,0x00000000d9d00000)
  from space 5120K, 99% used [0x00000000d9d00000,0x00000000da1fdac0,0x00000000da200000)
  to   space 8192K, 0% used [0x00000000de600000,0x00000000de600000,0x00000000dee00000)
 ParOldGen       total 87552K, used 3048K [0x0000000081400000, 0x0000000086980000, 0x00000000d5c00000)
  object space 87552K, 3% used [0x0000000081400000,0x00000000816fa1f8,0x0000000086980000)
 Metaspace       used 19734K, capacity 21158K, committed 21248K, reserved 1067008K
  class space    used 2492K, capacity 2765K, committed 2816K, reserved 1048576K
Event: 3.095 GC heap after
Heap after GC invocations=6 (full 1):
 PSYoungGen      total 71680K, used 0K [0x00000000d5c00000, 0x00000000dee00000, 0x0000000100000000)
  eden space 66560K, 0% used [0x00000000d5c00000,0x00000000d5c00000,0x00000000d9d00000)
  from space 5120K, 0% used [0x00000000d9d00000,0x00000000d9d00000,0x00000000da200000)
  to   space 8192K, 0% used [0x00000000de600000,0x00000000de600000,0x00000000dee00000)
 ParOldGen       total 51712K, used 7121K [0x0000000081400000, 0x0000000084680000, 0x00000000d5c00000)
  object space 51712K, 13% used [0x0000000081400000,0x0000000081af4600,0x0000000084680000)
 Metaspace       used 19734K, capacity 21158K, committed 21248K, reserved 1067008K
  class space    used 2492K, capacity 2765K, committed 2816K, reserved 1048576K
}
Event: 3.485 GC heap before
{Heap before GC invocations=7 (full 1):
 PSYoungGen      total 71680K, used 66560K [0x00000000d5c00000, 0x00000000dee00000, 0x0000000100000000)
  eden space 66560K, 100% used [0x00000000d5c00000,0x00000000d9d00000,0x00000000d9d00000)
  from space 5120K, 0% used [0x00000000d9d00000,0x00000000d9d00000,0x00000000da200000)
  to   space 8192K, 0% used [0x00000000de600000,0x00000000de600000,0x00000000dee00000)
 ParOldGen       total 51712K, used 7121K [0x0000000081400000, 0x0000000084680000, 0x00000000d5c00000)
  object space 51712K, 13% used [0x0000000081400000,0x0000000081af4600,0x0000000084680000)
 Metaspace       used 23490K, capacity 25056K, committed 25216K, reserved 1071104K
  class space    used 3001K, capacity 3334K, committed 3456K, reserved 1048576K
Event: 3.525 GC heap after
Heap after GC invocations=7 (full 1):
 PSYoungGen      total 123904K, used 4866K [0x00000000d5c00000, 0x00000000deb00000, 0x0000000100000000)
  eden space 118784K, 0% used [0x00000000d5c00000,0x00000000d5c00000,0x00000000dd000000)
  from space 5120K, 95% used [0x00000000de600000,0x00000000deac0b48,0x00000000deb00000)
  to   space 7680K, 0% used [0x00000000ddc00000,0x00000000ddc00000,0x00000000de380000)
 ParOldGen       total 51712K, used 7121K [0x0000000081400000, 0x0000000084680000, 0x00000000d5c00000)
  object space 51712K, 13% used [0x0000000081400000,0x0000000081af4600,0x0000000084680000)
 Metaspace       used 23490K, capacity 25056K, committed 25216K, reserved 1071104K
  class space    used 3001K, capacity 3334K, committed 3456K, reserved 1048576K
}
Event: 5.149 GC heap before
{Heap before GC invocations=8 (full 1):
 PSYoungGen      total 123904K, used 123650K [0x00000000d5c00000, 0x00000000deb00000, 0x0000000100000000)
  eden space 118784K, 100% used [0x00000000d5c00000,0x00000000dd000000,0x00000000dd000000)
  from space 5120K, 95% used [0x00000000de600000,0x00000000deac0b48,0x00000000deb00000)
  to   space 7680K, 0% used [0x00000000ddc00000,0x00000000ddc00000,0x00000000de380000)
 ParOldGen       total 51712K, used 7121K [0x0000000081400000, 0x0000000084680000, 0x00000000d5c00000)
  object space 51712K, 13% used [0x0000000081400000,0x0000000081af4600,0x0000000084680000)
 Metaspace       used 28691K, capacity 31076K, committed 31360K, reserved 1077248K
  class space    used 3734K, capacity 4148K, committed 4224K, reserved 1048576K
Event: 5.188 GC heap after
Heap after GC invocations=8 (full 1):
 PSYoungGen      total 138752K, used 7667K [0x00000000d5c00000, 0x00000000e3a00000, 0x0000000100000000)
  eden space 131072K, 0% used [0x00000000d5c00000,0x00000000d5c00000,0x00000000ddc00000)
  from space 7680K, 99% used [0x00000000ddc00000,0x00000000de37cf28,0x00000000de380000)
  to   space 9216K, 0% used [0x00000000e3100000,0x00000000e3100000,0x00000000e3a00000)
 ParOldGen       total 51712K, used 8422K [0x0000000081400000, 0x0000000084680000, 0x00000000d5c00000)
  object space 51712K, 16% used [0x0000000081400000,0x0000000081c39970,0x0000000084680000)
 Metaspace       used 28691K, capacity 31076K, committed 31360K, reserved 1077248K
  class space    used 3734K, capacity 4148K, committed 4224K, reserved 1048576K
}

Deoptimization events (10 events):
Event: 6.551 Thread 0x000000000214b800 Uncommon trap: reason=unhandled action=none pc=0x000000000364690c method=java.net.URLClassLoader.findClass(Ljava/lang/String;)Ljava/lang/Class; @ 44
Event: 6.551 Thread 0x000000000214b800 Uncommon trap: reason=unhandled action=none pc=0x000000000346a57c method=java.net.URLClassLoader.findClass(Ljava/lang/String;)Ljava/lang/Class; @ 44
Event: 6.551 Thread 0x000000000214b800 Uncommon trap: reason=unhandled action=none pc=0x000000000364690c method=java.net.URLClassLoader.findClass(Ljava/lang/String;)Ljava/lang/Class; @ 44
Event: 6.552 Thread 0x000000000214b800 Uncommon trap: reason=unhandled action=none pc=0x000000000346a57c method=java.net.URLClassLoader.findClass(Ljava/lang/String;)Ljava/lang/Class; @ 44
Event: 6.553 Thread 0x000000000214b800 Uncommon trap: reason=unhandled action=none pc=0x000000000364690c method=java.net.URLClassLoader.findClass(Ljava/lang/String;)Ljava/lang/Class; @ 44
Event: 6.555 Thread 0x000000000214b800 Uncommon trap: reason=unhandled action=none pc=0x000000000364690c method=java.net.URLClassLoader.findClass(Ljava/lang/String;)Ljava/lang/Class; @ 44
Event: 6.556 Thread 0x000000000214b800 Uncommon trap: reason=unhandled action=none pc=0x000000000364690c method=java.net.URLClassLoader.findClass(Ljava/lang/String;)Ljava/lang/Class; @ 44
Event: 6.557 Thread 0x000000000214b800 Uncommon trap: reason=unhandled action=none pc=0x000000000364690c method=java.net.URLClassLoader.findClass(Ljava/lang/String;)Ljava/lang/Class; @ 44
Event: 6.558 Thread 0x000000000214b800 Uncommon trap: reason=unhandled action=none pc=0x000000000364690c method=java.net.URLClassLoader.findClass(Ljava/lang/String;)Ljava/lang/Class; @ 44
Event: 6.560 Thread 0x000000000214b800 Uncommon trap: reason=unstable_if action=reinterpret pc=0x0000000002c6ed40 method=java.lang.CharacterData.of(I)Ljava/lang/CharacterData; @ 4

Internal exceptions (10 events):
Event: 6.120 Thread 0x000000000214b800 Exception <a 'java/lang/ClassNotFoundException': java/lang/ObjectCustomizer> (0x00000000da82e9a8) thrown at [D:\re\workspace\8-2-build-windows-amd64-cygwin\jdk8u40\3098\hotspot\src\share\vm\classfile\systemDictionary.cpp, line 210]
Event: 6.121 Thread 0x000000000214b800 Exception <a 'java/lang/ClassNotFoundException': org/springframework/web/multipart/support/StandardServletMultipartResolverCustomizer> (0x00000000da84fff0) thrown at [D:\re\workspace\8-2-build-windows-amd64-cygwin\jdk8u40\3098\hotspot\src\share\vm\classfilêØ5ıâ}@
Event: 6.123 Thread 0x000000000214b800 Exception <a 'java/lang/ClassNotFoundException': org/springframework/web/multipart/MultipartResolverCustomizer> (0x00000000da86f118) thrown at [D:\re\workspace\8-2-build-windows-amd64-cygwin\jdk8u40\3098\hotspot\src\share\vm\classfile\systemDictionary.cpp,ïQ€ã@
Event: 6.137 Thread 0x000000000214b800 Exception <a 'java/lang/ArrayIndexOutOfBoundsException': 141> (0x00000000da8d9250) thrown at [D:\re\workspace\8-2-build-windows-amd64-cygwin\jdk8u40\3098\hotspot\src\share\vm\interpreter\interpreterRuntime.cpp, line 366]
Event: 6.138 Thread 0x000000000214b800 Exception <a 'java/lang/ArrayIndexOutOfBoundsException': 123> (0x00000000da8e44d8) thrown at [D:\re\workspace\8-2-build-windows-amd64-cygwin\jdk8u40\3098\hotspot\src\share\vm\interpreter\interpreterRuntime.cpp, line 366]
Event: 6.151 Thread 0x000000000214b800 Exception <a 'java/lang/ArrayIndexOutOfBoundsException': 128> (0x00000000da985a00) thrown at [D:\re\workspace\8-2-build-windows-amd64-cygwin\jdk8u40\3098\hotspot\src\share\vm\interpreter\interpreterRuntime.cpp, line 366]
Event: 6.153 Thread 0x000000000214b800 Exception <a 'java/lang/ArrayIndexOutOfBoundsException': 129> (0x00000000da99b778) thrown at [D:\re\workspace\8-2-build-windows-amd64-cygwin\jdk8u40\3098\hotspot\src\share\vm\interpreter\interpreterRuntime.cpp, line 366]
Event: 6.180 Thread 0x000000000214b800 Exception <a 'java/lang/ClassNotFoundException': java/lang/ObjectCustomizer> (0x00000000dac06288) thrown at [D:\re\workspace\8-2-build-windows-amd64-cygwin\jdk8u40\3098\hotspot\src\share\vm\classfile\systemDictionary.cpp, line 210]
Event: 6.182 Thread 0x000000000214b800 Exception <a 'java/lang/ClassNotFoundException': com/shail/trade/GtmApplicationTestsCustomizer> (0x00000000dac1ec20) thrown at [D:\re\workspace\8-2-build-windows-amd64-cygwin\jdk8u40\3098\hotspot\src\share\vm\classfile\systemDictionary.cpp, line 210]
Event: 6.254 Thread 0x000000000214b800 Exception <a 'java/lang/ClassNotFoundException': java/lang/Module> (0x00000000db237a58) thrown at [D:\re\workspace\8-2-build-windows-amd64-cygwin\jdk8u40\3098\hotspot\src\share\vm\classfile\systemDictionary.cpp, line 210]

Events (10 events):
Event: 71.869 Executing VM operation: EnterInterpOnlyMode
Event: 71.869 Executing nested VM operation: Deoptimize
Event: 71.869 Executing nested VM operation: Deoptimize done
Event: 71.869 Executing VM operation: EnterInterpOnlyMode done
Event: 71.869 Executing VM operation: ChangeSingleStep
Event: 71.869 Executing VM operation: ChangeSingleStep done
Event: 71.870 Executing VM operation: ChangeSingleStep
Event: 71.870 Executing VM operation: ChangeSingleStep done
Event: 71.901 Executing VM operation: RedefineClasses
Event: 71.926 Executing VM operation: RedefineClasses done


Dynamic libraries:
0x000000013f650000 - 0x000000013f687000 	C:\Program Files\Java\jre1.8.0_40\bin\javaw.exe
0x00000000779a0000 - 0x0000000077b3f000 	C:\Windows\SYSTEM32\ntdll.dll
0x0000000077780000 - 0x000000007789f000 	C:\Windows\system32\kernel32.dll
0x000007fefd6e0000 - 0x000007fefd74a000 	C:\Windows\system32\KERNELBASE.dll
0x000007feff0b0000 - 0x000007feff18b000 	C:\Windows\system32\ADVAPI32.dll
0x000007fefee40000 - 0x000007fefeedf000 	C:\Windows\system32\msvcrt.dll
0x000007feffb90000 - 0x000007feffbaf000 	C:\Windows\SYSTEM32\sechost.dll
0x000007fefeee0000 - 0x000007feff00d000 	C:\Windows\system32\RPCRT4.dll
0x00000000778a0000 - 0x000000007799a000 	C:\Windows\system32\USER32.dll
0x000007feff700000 - 0x000007feff767000 	C:\Windows\system32\GDI32.dll
0x000007feff7f0000 - 0x000007feff7fe000 	C:\Windows\system32\LPK.dll
0x000007feffbc0000 - 0x000007feffc8b000 	C:\Windows\system32\USP10.dll
0x000007fefa340000 - 0x000007fefa534000 	C:\Windows\WinSxS\amd64_microsoft.windows.common-controls_6595b64144ccf1df_6.0.7601.23403_none_e36ad4593102f066\COMCTL32.dll
0x000007feff770000 - 0x000007feff7e1000 	C:\Windows\system32\SHLWAPI.dll
0x000007feff6d0000 - 0x000007feff6fe000 	C:\Windows\system32\IMM32.DLL
0x000007feff290000 - 0x000007feff399000 	C:\Windows\system32\MSCTF.dll
0x0000000074d70000 - 0x0000000074e42000 	C:\Program Files\Java\jre1.8.0_40\bin\msvcr100.dll
0x000000005ac80000 - 0x000000005b503000 	C:\Program Files\Java\jre1.8.0_40\bin\server\jvm.dll
0x000007fef67f0000 - 0x000007fef67f9000 	C:\Windows\system32\WSOCK32.dll
0x000007fefda30000 - 0x000007fefda7d000 	C:\Windows\system32\WS2_32.dll
0x000007feffbb0000 - 0x000007feffbb8000 	C:\Windows\system32\NSI.dll
0x000007fef8e30000 - 0x000007fef8e6b000 	C:\Windows\system32\WINMM.dll
0x000007fefbe10000 - 0x000007fefbe1c000 	C:\Windows\system32\VERSION.dll
0x0000000077b50000 - 0x0000000077b57000 	C:\Windows\system32\PSAPI.DLL
0x00000000751d0000 - 0x00000000751df000 	C:\Program Files\Java\jre1.8.0_40\bin\verify.dll
0x00000000750e0000 - 0x0000000075109000 	C:\Program Files\Java\jre1.8.0_40\bin\java.dll
0x0000000074a40000 - 0x0000000074a75000 	C:\Program Files\Java\jre1.8.0_40\bin\jdwp.dll
0x0000000074a30000 - 0x0000000074a38000 	C:\Program Files\Java\jre1.8.0_40\bin\npt.dll
0x0000000074cd0000 - 0x0000000074cf3000 	C:\Program Files\Java\jre1.8.0_40\bin\instrument.dll
0x00000000750c0000 - 0x00000000750d6000 	C:\Program Files\Java\jre1.8.0_40\bin\zip.dll
0x000007fefddd0000 - 0x000007fefeb5b000 	C:\Windows\system32\SHELL32.dll
0x000007feff990000 - 0x000007feffb8d000 	C:\Windows\system32\ole32.dll
0x000007fefd680000 - 0x000007fefd68f000 	C:\Windows\system32\profapi.dll
0x0000000074a20000 - 0x0000000074a29000 	C:\Program Files\Java\jre1.8.0_40\bin\dt_socket.dll
0x000007fef8eb0000 - 0x000007fef8ec5000 	C:\Windows\system32\NLAapi.dll
0x000007fef9db0000 - 0x000007fef9dc5000 	C:\Windows\system32\napinsp.dll
0x000007fef9d80000 - 0x000007fef9d99000 	C:\Windows\system32\pnrpnsp.dll
0x000007fefce00000 - 0x000007fefce55000 	C:\Windows\System32\mswsock.dll
0x000007fefcc80000 - 0x000007fefccdb000 	C:\Windows\system32\DNSAPI.dll
0x000007fef9d70000 - 0x000007fef9d7b000 	C:\Windows\System32\winrnr.dll
0x000007fefa310000 - 0x000007fefa337000 	C:\Windows\system32\IPHLPAPI.DLL
0x000007fefa300000 - 0x000007fefa30b000 	C:\Windows\system32\WINNSI.DLL
0x000007fef8830000 - 0x000007fef8883000 	C:\Windows\System32\fwpuclnt.dll
0x000007fef6bf0000 - 0x000007fef6bf8000 	C:\Windows\system32\rasadhlp.dll
0x000007fefa040000 - 0x000007fefa047000 	C:\Windows\System32\wshtcpip.dll
0x0000000074d20000 - 0x0000000074d3a000 	C:\Program Files\Java\jre1.8.0_40\bin\net.dll
0x000007fefcdf0000 - 0x000007fefcdf7000 	C:\Windows\System32\wship6.dll
0x0000000074d00000 - 0x0000000074d11000 	C:\Program Files\Java\jre1.8.0_40\bin\nio.dll
0x0000000074c30000 - 0x0000000074c3d000 	C:\Program Files\Java\jre1.8.0_40\bin\management.dll
0x000007fef3c50000 - 0x000007fef3d75000 	C:\Windows\system32\dbghelp.dll

VM Arguments:
jvm_args: -agentlib:jdwp=transport=dt_socket,suspend=y,address=localhost:53236 -ea -javaagent:C:\Users\INDIA\Downloads\sts-4.6.1.RELEASE\configuration\org.eclipse.osgi\245\0\.cp\lib\javaagent-shaded.jar -Dfile.encoding=UTF-8 
java_command: org.eclipse.jdt.internal.junit.runner.RemoteTestRunner -version 3 -port 53235 -testLoaderClass org.eclipse.jdt.internal.junit5.runner.JUnit5TestLoader -loaderpluginname org.eclipse.jdt.junit5.runtime -test com.shail.trade.GtmApplicationTests:testAddValidTrade
java_class_path (initial): C:\Users\INDIA\Downloads\springbootworkspaces\Concurrency\GTM\target\test-classes;C:\Users\INDIA\Downloads\springbootworkspaces\Concurrency\GTM\target\classes;C:\Users\INDIA\.m2\repository\org\springframework\boot\spring-boot-starter\2.5.4\spring-boot-starter-2.5.4.jar;C:\Users\INDIA\.m2\repository\org\springframework\boot\spring-boot\2.5.4\spring-boot-2.5.4.jar;C:\Users\INDIA\.m2\repository\org\springframework\spring-context\5.3.9\spring-context-5.3.9.jar;C:\Users\INDIA\.m2\repository\org\springframework\boot\spring-boot-autoconfigure\2.5.4\spring-boot-autoconfigure-2.5.4.jar;C:\Users\INDIA\.m2\repository\org\springframework\boot\spring-boot-starter-logging\2.5.4\spring-boot-starter-logging-2.5.4.jar;C:\Users\INDIA\.m2\repository\ch\qos\logback\logback-classic\1.2.5\logback-classic-1.2.5.jar;C:\Users\INDIA\.m2\repository\ch\qos\logback\logback-core\1.2.5\logback-core-1.2.5.jar;C:\Users\INDIA\.m2\repository\org\apache\logging\log4j\log4j-to-slf4j\2.14.1\log4j-to-slf4j-2.14.1.jar;C:\Users\INDIA\.m2\repository\org\apache\logging\log4j\log4j-api\2.14.1\log4j-api-2.14.1.jar;C:\Users\INDIA\.m2\repository\org\slf4j\jul-to-slf4j\1.7.32\jul-to-slf4j-1.7.32.jar;C:\Users\INDIA\.m2\repository\jakarta\annotation\jakarta.annotation-api\1.3.5\jakarta.annotation-api-1.3.5.jar;C:\Users\INDIA\.m2\repository\org\springframework\spring-core\5.3.9\spring-core-5.3.9.jar;C:\Users\INDIA\.m2\repository\org\springframework\spring-jcl\5.3.9\spring-jcl-5.3.9.jar;C:\Users\INDIA\.m2\repository\org\yaml\snakeyaml\1.28\snakeyaml-1.28.jar;C:\Users\INDIA\.m2\repository\org\springframework\boot\spring-boot-starter-web\2.5.4\spring-boot-starter-web-2.5.4.jar;C:\Users\INDIA\.m2\repository\org\springframework\boot\spring-boot-starter-json\2.5.4\spring-boot-starter-json-2.5.4.jar;C:\Users\INDIA\.m2\repository\com\fasterxml\jackson\core\jackson-databind\2.12.4\jackson-databind-2.12.4.jar;C:\Users\INDIA\.m2\repository\com\fasterxml\jackson\core\jackson-annotations\2.12.4\jacks
Launcher Type: SUN_STANDARD

Environment Variables:
JAVA_HOME=C:\Program Files\Java\jdk1.8.0_40
PATH=C:/Program Files/Java/jre1.8.0_40/bin/server;C:/Program Files/Java/jre1.8.0_40/bin;C:/Program Files/Java/jre1.8.0_40/lib/amd64;C:\ProgramData\Oracle\Java\javapath;C:\Windows\system32;C:\Windows;C:\Windows\System32\Wbem;C:\Windows\System32\WindowsPowerShell\v1.0\;C:\Program Files\Java\jdk1.8.0_40\bin;C:\Program Files\Git\cmd;C:\Users\INDIA\Downloads\apache-maven-3.8.1\bin;C:\Program Files\PuTTY\;C:\Program Files\nodejs\;C:\Users\INDIA\AppData\Roaming\npm;C:\Users\INDIA\AppData\Local\Programs\Microsoft VS Code\bin;C:\Users\INDIA\Downloads\sts-4.6.1.RELEASE;
USERNAME=INDIA
OS=Windows_NT
PROCESSOR_IDENTIFIER=Intel64 Family 6 Model 60 Stepping 3, GenuineIntel



---------------  S Y S T E M  ---------------

OS: Windows 7 , 64 bit Build 7601 (6.1.7601.24024)

CPU:total 4 (2 cores per cpu, 2 threads per core) family 6 model 60 stepping 3, cmov, cx8, fxsr, mmx, sse, sse2, sse3, ssse3, sse4.1, sse4.2, popcnt, avx, avx2, aes, clmul, erms, lzcnt, ht, tsc, tscinvbit, bmi1, bmi2

Memory: 4k page, physical 8299408k(2276388k free), swap 24668368k(3284332k free)

vm_info: Java HotSpot(TM) 64-Bit Server VM (25.40-b25) for windows-amd64 JRE (1.8.0_40-b26), built on Mar  7 2015 13:51:59 by "java_re" with MS VC++ 10.0 (VS2010)

time: Mon Sep 13 19:30:45 2021
elapsed time: 72 seconds (0d 0h 1m 12s)

